<?xml version="1.0" encoding="utf-8"?><testsuites name="pytest tests"><testsuite name="pytest" errors="0" failures="0" skipped="0" tests="51" time="8.602" timestamp="2026-08-30T13:05:46.873835+00:00" hostname="agent-env-6271a2c4-9c04-4458-b958-6c1d6d165e70"><testcase classname="tests.backend_test.TestHealth" name="test_root" time="0.576" /><testcase classname="tests.backend_test.TestAuth" name="test_login_success" time="0.350" /><testcase classname="tests.backend_test.TestAuth" name="test_login_wrong_password" time="0.759" /><testcase classname="tests.backend_test.TestAuth" name="test_login_missing_fields" time="0.051" /><testcase classname="tests.backend_test.TestAuth" name="test_me_with_token" time="0.051" /><testcase classname="tests.backend_test.TestAuth" name="test_me_without_token" time="0.044" /><testcase classname="tests.backend_test.TestAuth" name="test_me_invalid_token" time="0.052" /><testcase classname="tests.backend_test.TestAuth" name="test_brute_force_lockout" time="0.294" /><testcase classname="tests.backend_test.TestPublicSubmit" name="test_submit_and_persist" time="0.226" /><testcase classname="tests.backend_test.TestPublicSubmit" name="test_duplicate_same_day_returns_409" time="0.100" /><testcase classname="tests.backend_test.TestPublicSubmit" name="test_duplicate_case_insensitive" time="0.099" /><testcase classname="tests.backend_test.TestPublicSubmit" name="test_submit_without_photo" time="0.053" /><testcase classname="tests.backend_test.TestPublicSubmit" name="test_submit_empty_name" time="0.043" /><testcase classname="tests.backend_test.TestPublicSubmit" name="test_submit_non_image" time="0.056" /><testcase classname="tests.backend_test.TestPublicSubmit" name="test_submit_photo_over_5mb" time="0.340" /><testcase classname="tests.backend_test.TestAdminAuthorization" name="test_requires_token[get-/api/attendance]" time="0.047" /><testcase classname="tests.backend_test.TestAdminAuthorization" name="test_requires_token[get-/api/recap]" time="0.050" /><testcase classname="tests.backend_test.TestAdminAuthorization" name="test_requires_token[post-/api/attendance/manual]" time="0.045" /><testcase classname="tests.backend_test.TestAdminAuthorization" name="test_requires_token[put-/api/rates]" time="0.045" /><testcase classname="tests.backend_test.TestAdminAuthorization" name="test_requires_token[put-/api/attendance/000000000000000000000000]" time="0.048" /><testcase classname="tests.backend_test.TestAdminAuthorization" name="test_requires_token[delete-/api/attendance/000000000000000000000000]" time="0.050" /><testcase classname="tests.backend_test.TestAdminCrud" name="test_manual_add_and_persist" time="0.099" /><testcase classname="tests.backend_test.TestAdminCrud" name="test_manual_add_without_photo" time="0.046" /><testcase classname="tests.backend_test.TestAdminCrud" name="test_manual_add_invalid_date" time="0.050" /><testcase classname="tests.backend_test.TestAdminCrud" name="test_manual_add_duplicate" time="0.096" /><testcase classname="tests.backend_test.TestAdminCrud" name="test_update_and_persist" time="0.149" /><testcase classname="tests.backend_test.TestAdminCrud" name="test_update_invalid_id" time="0.049" /><testcase classname="tests.backend_test.TestAdminCrud" name="test_update_not_found" time="0.047" /><testcase classname="tests.backend_test.TestAdminCrud" name="test_delete_and_verify_removal" time="0.195" /><testcase classname="tests.backend_test.TestAdminCrud" name="test_month_filter" time="0.153" /><testcase classname="tests.backend_test.TestRecapAndRates" name="test_recap_days_and_salary" time="0.299" /><testcase classname="tests.backend_test.TestRecapAndRates" name="test_rate_empty_name_rejected" time="0.047" /><testcase classname="tests.backend_test.TestRecapAndRates" name="test_rate_invalid_payload" time="0.050" /><testcase classname="tests.backend_test.TestRegressionFixes" name="test_negative_daily_rate_rejected" time="0.049" /><testcase classname="tests.backend_test.TestRegressionFixes" name="test_zero_daily_rate_allowed" time="0.051" /><testcase classname="tests.backend_test.TestRegressionFixes" name="test_invalid_month_param_attendance[abc]" time="0.045" /><testcase classname="tests.backend_test.TestRegressionFixes" name="test_invalid_month_param_attendance[.*]" time="0.046" /><testcase classname="tests.backend_test.TestRegressionFixes" name="test_invalid_month_param_attendance[2026-1]" time="0.046" /><testcase classname="tests.backend_test.TestRegressionFixes" name="test_invalid_month_param_attendance[2026/01]" time="0.060" /><testcase classname="tests.backend_test.TestRegressionFixes" name="test_invalid_month_param_attendance[^2026]" time="0.045" /><testcase classname="tests.backend_test.TestRegressionFixes" name="test_invalid_month_param_attendance[2026-13-01]" time="0.045" /><testcase classname="tests.backend_test.TestRegressionFixes" name="test_invalid_month_param_recap[abc]" time="0.045" /><testcase classname="tests.backend_test.TestRegressionFixes" name="test_invalid_month_param_recap[.*]" time="0.051" /><testcase classname="tests.backend_test.TestRegressionFixes" name="test_invalid_month_param_recap[2026-1]" time="0.055" /><testcase classname="tests.backend_test.TestRegressionFixes" name="test_valid_month_still_works" time="0.051" /><testcase classname="tests.backend_test.TestRegressionFixes" name="test_manual_future_date_rejected" time="0.044" /><testcase classname="tests.backend_test.TestRegressionFixes" name="test_update_future_date_rejected" time="0.094" /><testcase classname="tests.backend_test.TestRegressionFixes" name="test_today_date_still_accepted" time="0.047" /><testcase classname="tests.backend_test.TestRegressionFixes" name="test_lockout_returns_429_and_recovers" time="2.273" /><testcase classname="tests.backend_test.TestSecurityConfig" name="test_bcrypt_hash_format" time="0.042" /><testcase classname="tests.backend_test.TestSecurityConfig" name="test_cors_headers_present" time="0.719" /></testsuite></testsuites>